[    0.000000] Initializing cgroup subsys cpuset
[    0.000000] Initializing cgroup subsys cpu
[    0.000000] Initializing cgroup subsys cpuacct
[    0.000000] Linux version 4.4.0-97-generic (buildd@lcy01-33) (gcc version 5.4.0 20160609 (Ubuntu 5.4.0-6ubuntu1~16.04.4) ) #120-Ubuntu SMP Tue Sep 19 17:28:18 UTC 2017 (Ubuntu 4.4.0-97.120-generic 4.4.87)
[    0.000000] Command line: BOOT_IMAGE=/boot/vmlinuz-4.4.0-97-generic root=UUID=7174f0ff-3db9-4b87-bc99-d16e1356116a ro console=tty1 console=ttyS0
[    0.000000] KERNEL supported cpus:
[    0.000000]   Intel GenuineIntel
[    0.000000]   AMD AuthenticAMD
[    0.000000]   Centaur CentaurHauls
[    0.000000] ------------[ cut here ]------------
[    0.000000] WARNING: CPU: 0 PID: 0 at /build/linux-Pcn0xK/linux-4.4.0/arch/x86/kernel/fpu/xstate.c:517 fpu__init_system_xstate+0x38b/0x75a()
[    0.000000] XSAVE consistency problem, dumping leaves
[    0.000000] Modules linked in:
[    0.000000] CPU: 0 PID: 0 Comm: swapper Not tainted 4.4.0-97-generic #120-Ubuntu
[    0.000000]  0000000000000086 9e9f560bafa6a48a ffffffff81e03d80 ffffffff813fabe3
[    0.000000]  ffffffff81e03dc8 ffffffff81caa640 ffffffff81e03db8 ffffffff810812e2
[    0.000000]  ffffffff81e03e48 ffffffff81e03e4c 0000000000000008 0000000000000100
[    0.000000] Call Trace:
[    0.000000]  [<ffffffff813fabe3>] dump_stack+0x63/0x90
[    0.000000]  [<ffffffff810812e2>] warn_slowpath_common+0x82/0xc0
[    0.000000]  [<ffffffff8108137c>] warn_slowpath_fmt+0x5c/0x80
[    0.000000]  [<ffffffff8107cff0>] ? xfeature_size+0x59/0x77
[    0.000000]  [<ffffffff81f6e20b>] fpu__init_system_xstate+0x38b/0x75a
[    0.000000]  [<ffffffff81f5e120>] ? early_idt_handler_array+0x120/0x120
[    0.000000]  [<ffffffff81f6db76>] fpu__init_system+0x10d/0x245
[    0.000000]  [<ffffffff81f6ec7f>] early_cpu_init+0x139/0x13e
[    0.000000]  [<ffffffff81f6ec7f>] ? early_cpu_init+0x139/0x13e
[    0.000000]  [<ffffffff81f6a181>] setup_arch+0xb4/0xcf6
[    0.000000]  [<ffffffff81f5e120>] ? early_idt_handler_array+0x120/0x120
[    0.000000]  [<ffffffff81f5ec74>] start_kernel+0xe4/0x4a2
[    0.000000]  [<ffffffff81f5e120>] ? early_idt_handler_array+0x120/0x120
[    0.000000]  [<ffffffff81f5e339>] x86_64_start_reservations+0x2a/0x2c
[    0.000000]  [<ffffffff81f5e485>] x86_64_start_kernel+0x14a/0x16d
[    0.000000] ---[ end trace 4d5ff9f2f68c4233 ]---
[    0.000000] CPUID[0d, 00]: eax=00000007 ebx=00000440 ecx=00000440 edx=00000000
[    0.000000] CPUID[0d, 01]: eax=00000000 ebx=000003c0 ecx=00000000 edx=00000000
[    0.000000] CPUID[0d, 02]: eax=00000100 ebx=00000240 ecx=00000000 edx=00000000
[    0.000000] CPUID[0d, 03]: eax=00000000 ebx=00000000 ecx=00000000 edx=00000000
[    0.000000] CPUID[0d, 04]: eax=00000000 ebx=00000000 ecx=00000000 edx=00000000
[    0.000000] CPUID[0d, 05]: eax=00000000 ebx=00000000 ecx=00000000 edx=00000000
[    0.000000] CPUID[0d, 06]: eax=00000000 ebx=00000000 ecx=00000000 edx=00000000
[    0.000000] CPUID[0d, 07]: eax=00000000 ebx=00000000 ecx=00000000 edx=00000000
[    0.000000] CPUID[0d, 08]: eax=00000000 ebx=00000000 ecx=00000000 edx=00000000
[    0.000000] CPUID[0d, 09]: eax=00000000 ebx=00000000 ecx=00000000 edx=00000000
[    0.000000] CPUID[0d, 0a]: eax=00000000 ebx=00000000 ecx=00000000 edx=00000000
[    0.000000] CPUID[0d, 0b]: eax=00000000 ebx=00000000 ecx=00000000 edx=00000000
[    0.000000] CPUID[0d, 0c]: eax=00000000 ebx=00000000 ecx=00000000 edx=00000000
[    0.000000] CPUID[0d, 0d]: eax=00000000 ebx=00000000 ecx=00000000 edx=00000000
[    0.000000] CPUID[0d, 0e]: eax=00000000 ebx=00000000 ecx=00000000 edx=00000000
[    0.000000] CPUID[0d, 0f]: eax=00000000 ebx=00000000 ecx=00000000 edx=00000000
[    0.000000] CPUID[0d, 10]: eax=00000000 ebx=00000000 ecx=00000000 edx=00000000
[    0.000000] CPUID[0d, 11]: eax=00000000 ebx=00000000 ecx=00000000 edx=00000000
[    0.000000] x86/fpu: xstate_offset[2]:  576, xstate_sizes[2]:  256
[    0.000000] x86/fpu: Supporting XSAVE feature 0x01: 'x87 floating point registers'
[    0.000000] x86/fpu: Supporting XSAVE feature 0x02: 'SSE registers'
[    0.000000] x86/fpu: Supporting XSAVE feature 0x04: 'AVX registers'
[    0.000000] x86/fpu: Enabled xstate features 0x7, context size is 1088 bytes, using 'standard' format.
[    0.000000] x86/fpu: Using 'lazy' FPU context switches.
[    0.000000] e820: BIOS-provided physical RAM map:
[    0.000000] BIOS-e820: [mem 0x0000000000000000-0x000000000009fbff] usable
[    0.000000] BIOS-e820: [mem 0x000000000009fc00-0x000000000009ffff] reserved
[    0.000000] BIOS-e820: [mem 0x00000000000f0000-0x00000000000fffff] reserved
[    0.000000] BIOS-e820: [mem 0x0000000000100000-0x000000003ffeffff] usable
[    0.000000] BIOS-e820: [mem 0x000000003fff0000-0x000000003fffffff] ACPI data
[    0.000000] BIOS-e820: [mem 0x00000000fffc0000-0x00000000ffffffff] reserved
[    0.000000] NX (Execute Disable) protection: active
[    0.000000] SMBIOS 2.5 present.
[    0.000000] Hypervisor detected: KVM
[    0.000000] e820: last_pfn = 0x3fff0 max_arch_pfn = 0x400000000
[    0.000000] MTRR: Disabled
[    0.000000] x86/PAT: MTRRs disabled, skipping PAT initialization too.
[    0.000000] CPU MTRRs all blank - virtualized system.
[    0.000000] x86/PAT: Configuration [0-7]: WB  WT  UC- UC  WB  WT  UC- UC  
[    0.000000] found SMP MP-table at [mem 0x0009fff0-0x0009ffff] mapped at [ffff88000009fff0]
[    0.000000] Scanning 1 areas for low memory corruption
[    0.000000] RAMDISK: [mem 0x36234000-0x37111fff]
[    0.000000] ACPI: Early table checksum verification disabled
[    0.000000] ACPI: RSDP 0x00000000000E0000 000024 (v02 VBOX  )
[    0.000000] ACPI: XSDT 0x000000003FFF0030 00003C (v01 VBOX   VBOXXSDT 00000001 ASL  00000061)
[    0.000000] ACPI: FACP 0x000000003FFF00F0 0000F4 (v04 VBOX   VBOXFACP 00000001 ASL  00000061)
[    0.000000] ACPI: DSDT 0x000000003FFF0470 002118 (v01 VBOX   VBOXBIOS 00000002 INTL 20160108)
[    0.000000] ACPI: FACS 0x000000003FFF0200 000040
[    0.000000] ACPI: FACS 0x000000003FFF0200 000040
[    0.000000] ACPI: APIC 0x000000003FFF0240 00005C (v02 VBOX   VBOXAPIC 00000001 ASL  00000061)
[    0.000000] ACPI: SSDT 0x000000003FFF02A0 0001CC (v01 VBOX   VBOXCPUT 00000002 INTL 20160108)
[    0.000000] No NUMA configuration found
[    0.000000] Faking a node at [mem 0x0000000000000000-0x000000003ffeffff]
[    0.000000] NODE_DATA(0) allocated [mem 0x3ffeb000-0x3ffeffff]
[    0.000000] kvm-clock: Using msrs 4b564d01 and 4b564d00
[    0.000000] kvm-clock: cpu 0, msr 0:3ffe3001, primary cpu clock
[    0.000000] kvm-clock: using sched offset of 3025239176 cycles
[    0.000000] clocksource: kvm-clock: mask: 0xffffffffffffffff max_cycles: 0x1cd42e4dffb, max_idle_ns: 881590591483 ns
[    0.000000] Zone ranges:
[    0.000000]   DMA      [mem 0x0000000000001000-0x0000000000ffffff]
[    0.000000]   DMA32    [mem 0x0000000001000000-0x000000003ffeffff]
[    0.000000]   Normal   empty
[    0.000000]   Device   empty
[    0.000000] Movable zone start for each node
[    0.000000] Early memory node ranges
[    0.000000]   node   0: [mem 0x0000000000001000-0x000000000009efff]
[    0.000000]   node   0: [mem 0x0000000000100000-0x000000003ffeffff]
[    0.000000] Initmem setup node 0 [mem 0x0000000000001000-0x000000003ffeffff]
[    0.000000] ACPI: PM-Timer IO Port: 0x4008
[    0.000000] IOAPIC[0]: apic_id 2, version 17, address 0xfec00000, GSI 0-23
[    0.000000] ACPI: INT_SRC_OVR (bus 0 bus_irq 0 global_irq 2 dfl dfl)
[    0.000000] ACPI: INT_SRC_OVR (bus 0 bus_irq 9 global_irq 9 high level)
[    0.000000] Using ACPI (MADT) for SMP configuration information
[    0.000000] smpboot: Allowing 2 CPUs, 0 hotplug CPUs
[    0.000000] PM: Registered nosave memory: [mem 0x00000000-0x00000fff]
[    0.000000] PM: Registered nosave memory: [mem 0x0009f000-0x0009ffff]
[    0.000000] PM: Registered nosave memory: [mem 0x000a0000-0x000effff]
[    0.000000] PM: Registered nosave memory: [mem 0x000f0000-0x000fffff]
[    0.000000] e820: [mem 0x40000000-0xfffbffff] available for PCI devices
[    0.000000] Booting paravirtualized kernel on KVM
[    0.000000] clocksource: refined-jiffies: mask: 0xffffffff max_cycles: 0xffffffff, max_idle_ns: 7645519600211568 ns
[    0.000000] setup_percpu: NR_CPUS:512 nr_cpumask_bits:512 nr_cpu_ids:2 nr_node_ids:1
[    0.000000] PERCPU: Embedded 34 pages/cpu @ffff88003fc00000 s98328 r8192 d32744 u1048576
[    0.000000] PV qspinlock hash table entries: 256 (order: 0, 4096 bytes)
[    0.000000] Built 1 zonelists in Node order, mobility grouping on.  Total pages: 257913
[    0.000000] Policy zone: DMA32
[    0.000000] Kernel command line: BOOT_IMAGE=/boot/vmlinuz-4.4.0-97-generic root=UUID=7174f0ff-3db9-4b87-bc99-d16e1356116a ro console=tty1 console=ttyS0
[    0.000000] PID hash table entries: 4096 (order: 3, 32768 bytes)
[    0.000000] Memory: 997340K/1048120K available (8480K kernel code, 1294K rwdata, 3984K rodata, 1492K init, 1316K bss, 50780K reserved, 0K cma-reserved)
[    0.000000] SLUB: HWalign=64, Order=0-3, MinObjects=0, CPUs=2, Nodes=1
[    0.000000] Hierarchical RCU implementation.
[    0.000000] 	Build-time adjustment of leaf fanout to 64.
[    0.000000] 	RCU restricting CPUs from NR_CPUS=512 to nr_cpu_ids=2.
[    0.000000] RCU: Adjusting geometry for rcu_fanout_leaf=64, nr_cpu_ids=2
[    0.000000] NR_IRQS:33024 nr_irqs:440 16
[    0.000000] Console: colour VGA+ 80x25
[    0.000000] console [tty1] enabled
[    0.000000] console [ttyS0] enabled
[    0.000000] tsc: Detected 2591.982 MHz processor
[    0.164454] Calibrating delay loop (skipped) preset value.. 5183.96 BogoMIPS (lpj=10367928)
[    0.166132] pid_max: default: 32768 minimum: 301
[    0.166858] ACPI: Core revision 20150930
[    0.168447] ACPI: 2 ACPI AML tables successfully acquired and loaded
[    0.175710] Security Framework initialized
[    0.176997] Yama: becoming mindful.
[    0.178002] AppArmor: AppArmor initialized
[    0.178765] Dentry cache hash table entries: 131072 (order: 8, 1048576 bytes)
[    0.185206] Inode-cache hash table entries: 65536 (order: 7, 524288 bytes)
[    0.186718] Mount-cache hash table entries: 2048 (order: 2, 16384 bytes)
[    0.188807] Mountpoint-cache hash table entries: 2048 (order: 2, 16384 bytes)
[    0.189986] Initializing cgroup subsys io
[    0.190690] Initializing cgroup subsys memory
[    0.191442] Initializing cgroup subsys devices
[    0.192187] Initializing cgroup subsys freezer
[    0.192931] Initializing cgroup subsys net_cls
[    0.193674] Initializing cgroup subsys perf_event
[    0.194447] Initializing cgroup subsys net_prio
[    0.195224] Initializing cgroup subsys hugetlb
[    0.195967] Initializing cgroup subsys pids
[    0.196749] CPU: Physical Processor ID: 0
[    0.197442] CPU: Processor Core ID: 0
[    0.199086] mce: CPU supports 0 MCE banks
[    0.199818] Last level iTLB entries: 4KB 64, 2MB 8, 4MB 8
[    0.200620] Last level dTLB entries: 4KB 64, 2MB 0, 4MB 0, 1GB 4
[    0.203179] Freeing SMP alternatives memory: 32K
[    0.210778] ftrace: allocating 32148 entries in 126 pages
[    0.245116] smpboot: APIC(0) Converting physical 0 to logical package 0
[    0.248280] smpboot: Max logical packages: 1
[    0.259147] ..TIMER: vector=0x30 apic1=0 pin1=2 apic2=-1 pin2=-1
[    0.367404] smpboot: CPU0: Intel(R) Core(TM) i7-6700HQ CPU @ 2.60GHz (family: 0x6, model: 0x5e, stepping: 0x3)
[    0.368944] Performance Events: unsupported p6 CPU model 94 no PMU driver, software events only.
[    0.370528] KVM setup paravirtual spinlock
[    0.371885] x86: Booting SMP configuration:
[    0.372558] .... node  #0, CPUs:      #1
[    0.373283] kvm-clock: cpu 1, msr 0:3ffe3041, secondary cpu clock
[    0.374788] mce: CPU supports 0 MCE banks
[    0.377116] x86: Booted up 1 node, 2 CPUs
[    0.377998] smpboot: Total of 2 processors activated (10367.92 BogoMIPS)
[    0.379408] devtmpfs: initialized
[    0.381442] evm: security.selinux
[    0.381988] evm: security.SMACK64
[    0.382528] evm: security.SMACK64EXEC
[    0.383103] evm: security.SMACK64TRANSMUTE
[    0.383832] evm: security.SMACK64MMAP
[    0.384408] evm: security.ima
[    0.384914] evm: security.capability
[    0.385736] clocksource: jiffies: mask: 0xffffffff max_cycles: 0xffffffff, max_idle_ns: 7645041785100000 ns
[    0.388902] futex hash table entries: 512 (order: 3, 32768 bytes)
[    0.389943] pinctrl core: initialized pinctrl subsystem
[    0.390792] RTC time: 21:32:36, date: 10/24/17
[    0.392095] NET: Registered protocol family 16
[    0.403340] cpuidle: using governor ladder
[    0.415596] cpuidle: using governor menu
[    0.416218] PCCT header not found.
[    0.416814] ACPI: bus type PCI registered
[    0.417484] acpiphp: ACPI Hot Plug PCI Controller Driver version: 0.5
[    0.418407] PCI: Using configuration type 1 for base access
[    0.432827] ACPI: Added _OSI(Module Device)
[    0.434549] ACPI: Added _OSI(Processor Device)
[    0.435252] ACPI: Added _OSI(3.0 _SCP Extensions)
[    0.435997] ACPI: Added _OSI(Processor Aggregator Device)
[    0.437512] ACPI: Executed 1 blocks of module-level executable AML code
[    0.440066] ACPI: Interpreter enabled
[    0.441738] ACPI: (supports S0 S5)
[    0.442321] ACPI: Using IOAPIC for interrupt routing
[    0.443183] PCI: Using host bridge windows from ACPI; if necessary, use "pci=nocrs" and report a bug
[    0.448217] ACPI: PCI Root Bridge [PCI0] (domain 0000 [bus 00-ff])
[    0.450182] acpi PNP0A03:00: _OSC: OS supports [ASPM ClockPM Segments MSI]
[    0.451135] acpi PNP0A03:00: _OSC failed (AE_NOT_FOUND); disabling ASPM
[    0.457573] acpi PNP0A03:00: fail to add MMCONFIG information, can't access extended PCI configuration space under this bridge.
[    0.459530] PCI host bridge to bus 0000:00
[    0.460212] pci_bus 0000:00: root bus resource [io  0x0000-0x0cf7 window]
[    0.461226] pci_bus 0000:00: root bus resource [io  0x0d00-0xffff window]
[    0.462215] pci_bus 0000:00: root bus resource [mem 0x000a0000-0x000bffff window]
[    0.463504] pci_bus 0000:00: root bus resource [mem 0x40000000-0xffdfffff window]
[    0.464737] pci_bus 0000:00: root bus resource [bus 00-ff]
[    0.466688] pci 0000:00:01.1: legacy IDE quirk: reg 0x10: [io  0x01f0-0x01f7]
[    0.467812] pci 0000:00:01.1: legacy IDE quirk: reg 0x14: [io  0x03f6]
[    0.468760] pci 0000:00:01.1: legacy IDE quirk: reg 0x18: [io  0x0170-0x0177]
[    0.469967] pci 0000:00:01.1: legacy IDE quirk: reg 0x1c: [io  0x0376]
[    0.485068] ACPI: PCI Interrupt Link [LNKA] (IRQs 5 9 10 11) *0, disabled.
[    0.494874] ACPI: PCI Interrupt Link [LNKB] (IRQs 5 9 10 *11)
[    0.496083] ACPI: PCI Interrupt Link [LNKC] (IRQs 5 9 *10 11)
[    0.497268] ACPI: PCI Interrupt Link [LNKD] (IRQs 5 *9 10 11)
[    0.498482] ACPI: Enabled 2 GPEs in block 00 to 07
[    0.499593] vgaarb: setting as boot device: PCI:0000:00:02.0
[    0.500422] vgaarb: device added: PCI:0000:00:02.0,decodes=io+mem,owns=io+mem,locks=none
[    0.501698] vgaarb: loaded
[    0.502179] vgaarb: bridge control possible 0000:00:02.0
[    0.503279] SCSI subsystem initialized
[    0.504192] ACPI: bus type USB registered
[    0.504912] usbcore: registered new interface driver usbfs
[    0.505716] usbcore: registered new interface driver hub
[    0.506474] usbcore: registered new device driver usb
[    0.507723] PCI: Using ACPI for IRQ routing
[    0.508586] NetLabel: Initializing
[    0.509184] NetLabel:  domain hash size = 128
[    0.509829] NetLabel:  protocols = UNLABELED CIPSOv4
[    0.510548] NetLabel:  unlabeled traffic allowed by default
[    0.511561] amd_nb: Cannot enumerate AMD northbridges
[    0.512372] clocksource: Switched to clocksource kvm-clock
[    0.518328] AppArmor: AppArmor Filesystem Enabled
[    0.524358] pnp: PnP ACPI init
[    0.525383] pnp: PnP ACPI: found 3 devices
[    0.535132] clocksource: acpi_pm: mask: 0xffffff max_cycles: 0xffffff, max_idle_ns: 2085701024 ns
[    0.536660] NET: Registered protocol family 2
[    0.537552] TCP established hash table entries: 8192 (order: 4, 65536 bytes)
[    0.538555] TCP bind hash table entries: 8192 (order: 5, 131072 bytes)
[    0.539467] TCP: Hash tables configured (established 8192 bind 8192)
[    0.540329] UDP hash table entries: 512 (order: 2, 16384 bytes)
[    0.541236] UP-Lite hash table entries: 512 (order: 2, 16384 bytes)
[    0.563145] NET: Registered protocol family 1
[    0.563862] pci 0000:00:00.0: Limiting direct PCI/PCI transfers
[    0.564689] pci 0000:00:01.0: Activating ISA DMA hang workarounds
[    0.565914] Unpacking initramfs...

[    0.748144] Freeing initrd memory: 15224K
[    1.127888] platform rtc_cmos: registered platform RTC device (no PNP device found)
[    1.212313] Scanning for low memory corruption every 60 seconds
[    1.213897] audit: initializing netlink subsys (disabled)
[    1.214717] audit: type=2000 audit(1508880761.048:1): initialized
[    1.215914] Initialise system trusted keyring
[    1.218177] HugeTLB registered 2 MB page size, pre-allocated 0 pages
[    1.220431] zbud: loaded
[    1.232140] VFS: Disk quotas dquot_6.6.0
[    1.233913] VFS: Dquot-cache hash table entries: 512 (order 0, 4096 bytes)
[    1.291979] squashfs: version 4.0 (2009/01/31) Phillip Lougher
[    1.293151] fuse init (API version 7.23)
[    1.293847] Key type big_key registered
[    1.294439] Allocating IMA MOK and blacklist keyrings.
[    1.297274] Key type asymmetric registered
[    1.297909] Asymmetric key parser 'x509' registered
[    1.298629] Block layer SCSI generic (bsg) driver version 0.4 loaded (major 249)
[    1.299876] io scheduler noop registered
[    1.300489] io scheduler deadline registered (default)
[    1.301249] io scheduler cfq registered
[    1.301933] pci_hotplug: PCI Hot Plug PCI Core version: 0.5
[    1.302701] pciehp: PCI Express Hot Plug Controller Driver version: 0.4
[    1.303769] ACPI: AC Adapter [AC] (on-line)
[    1.304416] input: Power Button as /devices/LNXSYSTM:00/LNXPWRBN:00/input/input0
[    1.305561] ACPI: Power Button [PWRF]
[    1.306160] input: Sleep Button as /devices/LNXSYSTM:00/LNXSLPBN:00/input/input1
[    1.307259] ACPI: Sleep Button [SLPF]
[    1.308544] ACPI: Battery Slot [BAT0] (battery present)
[    1.309272] GHES: HEST is not enabled!
[    1.309908] Serial: 8250/16550 driver, 32 ports, IRQ sharing enabled
[    13332001] 00:02: ttyS0 at I/O 0x3f8 (irq = 4, base_baud = 115200) is a 16550A
[    1.413140] Linux agpgart interface v0.103
[    1.415797] loop: module loaded
[    1.417029] scsi host0: ata_piix
[    1.417797] scsi host1: ata_piix
[    1.418356] ata1: PATA max UDMA/33 cmd 0x1f0 ctl 0x3f6 bmdma 0xd000 irq 14
[    1.419210] ata2: PATA max UDMA/33 cmd 0x170 ctl 0x376 bmdma 0xd008 irq 15
[    1.420361] libphy: Fixed MDIO Bus: probed
[    1.421040] tun: Universal TUN/TAP device driver, 1.6
[    1.421726] tun: (C) 1999-2004 Max Krasnyansky <maxk@qualcomm.com>
[    1.422546] PPP generic driver version 2.4.2
[    1.423203] ehci_hcd: USB 2.0 'Enhanced' Host Controller (EHCI) Driver
[    1.424094] ehci-pci: EHCI PCI platform driver
[    1.424824] ehci-platform: EHCI generic platform driver
[    1.425563] ohci_hcd: USB 1.1 'Open' Host Controller (OHCI) Driver
[    1.426352] ohci-pci: OHCI PCI platform driver
[    1.426988] ohci-platform: OHCI generic platform driver
[    1.427768] uhci_hcd: USB Universal Host Controller Interface driver
[    1.428654] i8042: PNP: PS/2 Controller [PNP0303:PS2K,PNP0f03:PS2M] at 0x60,0x64 irq 1,12
[    1.430375] serio: i8042 KBD port at 0x60,0x64 irq 1
[    1.431102] serio: i8042 AUX port at 0x60,0x64 irq 12
[    1.431918] mousedev: PS/2 mouse device common for all mice
[    1.433053] rtc_cmos rtc_cmos: rtc core: registered rtc_cmos as rtc0
[    1.433990] rtc_cmos rtc_cmos: alarms up to one day, 114 bytes nvram
[    1.434845] i2c /dev entries driver
[    1.435542] input: AT Translated Set 2 keyboard as /devices/platform/i8042/serio0/input/input2
[    1.436972] device-mapper: uevent: version 1.0.3
[    1.437827] device-mapper: ioctl: 4.34.0-ioctl (2015-10-28) initialised: dm-devel@redhat.com
[    1.439025] ledtrig-cpu: registered to indicate activity on CPUs
[    1.440367] NET: Registered protocol family 10
[    1.441290] NET: Registered protocol family 17
[    1.441957] Key type dns_resolver registered
[    1.442734] microcode: CPU0 sig=0x506e3, pf=0x40, revision=0x0
[    1.445250] microcode: CPU1 sig=0x506e3, pf=0x40, revision=0x0
[    1.446040] microcode: Microcode Update Driver: v2.01 <tigran@aivazian.fsnet.co.uk>, Peter Oruba
[    1.447336] registered taskstats version 1
[    1.447949] Loading compiled-in X.509 certificates
[    1.449151] Loaded X.509 cert 'Build time autogenerated kernel key: d1010f9627fd9242df4b03365d2931dfd1ad3d42'
[    1.450505] zswap: loaded using pool lzo/zbud
[    1.454289] Key type trusted registered
[    1.475687] Key type encrypted registered
[    1.477442] AppArmor: AppArmor sha1 policy hashing enabled
[    1.478167] ima: No TPM chip found, activating TPM-bypass!
[    1.478907] evm: HMAC attrs: 0x1
[    1.479697]   Magic number: 5:535:551
[    1.480266] tty ttyS27: hash matches
[    1.490424] acpi PNP0C0F:02: hash matches
[    1.791652] rtc_cmos rtc_cmos: setting system clock to 2017-10-24 21:32:37 UTC (1508880757)
[    1.793104] BIOS EDD facility v0.16 2004-Jun-25, 0 devices found
[    1.952992] EDD information not available.
[    1.992622] Freeing unused kernel memory: 1492K
[    1.993280] Write protecting the kernel read-only data: 14336k
[    1.994495] Freeing unused kernel memory: 1748K
[    1.995366] Freeing unused kernel memory: 112K
Loading, please wait...
starting version[    2.006526] random: systemd-udevd: uninitialized urandom read (16 bytes read, 3 bits of entropy available)
 229
[    2.007123] random: udevadm: uninitialized urandom read (16 bytes read, 3 bits of entropy available)
[    2.007151] random: udevadm: uninitialized urandom read (16 bytes read, 3 bits of entropy available)
[    2.007294] random: udevadm: uninitialized urandom read (16 bytes read, 3 bits of entropy available)
[    2.007325] random: udevadm: uninitialized urandom read (16 bytes read, 3 bits of entropy available)
[    2.007356] random: udevadm: uninitialized urandom read (16 bytes read, 3 bits of entropy available)
[    2.007386] random: udevadm: uninitialized urandom read (16 bytes read, 3 bits of entropy available)
[    2.007415] random: udevadm: uninitialized urandom read (16 bytes read, 3 bits of entropy available)
[    2.007442] random: udevadm: uninitialized urandom read (16 bytes read, 3 bits of entropy available)
[    2.007470] random: udevadm: uninitialized urandom read (16 bytes read, 3 bits of entropy available)
[    2.317489] tsc: Refined TSC clocksource calibration: 2592.485 MHz
[    2.318310] clocksource: tsc: mask: 0xffffffffffffffff max_cycles: 0x255e8143d07, max_idle_ns: 440795312442 ns
[    2.328569] e1000: Intel(R) PRO/1000 Network Driver - version 7.3.21-k8-NAPI
[    2.328574] Fusion MPT base driver 3.04.20
[    2.328574] Copyright (c) 1999-2008 LSI Corporation
[    3.347742] e1000: Copyright (c) 1999-2006 Intel Corporation.
[    3.354394] Fusion MPT SPI Host driver 3.04.20
[    3.712892] input: ImExPS/2 Generic Explorer Mouse as /devices/platform/i8042/serio1/input/input4
[    4.506033] AVX version of gcm_enc/dec engaged.
[    4.641813] AES CTR mode by8 optimization enabled
[    4.968378] e1000 0000:00:03.0 eth0: (PCI:33MHz:32-bit) 02:a4:a0:f1:db:6e
[    5.441812] e1000 0000:00:03.0 eth0: Intel(R) PRO/1000 Network Connection
[    5.444286] e1000 0000:00:03.0 enp0s3: renamed from eth0
[    5.445321] mptbase: ioc0: Initiating bringup
[    5.762078] ioc0: LSI53C1030 A0: Capabilities={Initiator[    6.124579] floppy0: no floppy controllers found
[    6.124627] work still pending

[    6.348381] }
[    6.765120] scsi host2: ioc0: LSI53C1030 A0, FwRev=00000000h, Ports=1, MaxQ=256, IRQ=20
[    6.913495] scsi 2:0:0:0: Direct-Access     VBOX     HARDDISK         1.0  PQ: 0 ANSI: 5
[    7.304359] scsi target2:0:0: Beginning Domain Validation
[    7.308879] scsi target2:0:0: Domain Validation skipping write tests
[    7.311989] scsi target2:0:0: Ending Domain Validation
[    7.312919] scsi target2:0:0: asynchronous
[    7.314475] scsi 2:0:1:0: Direct-Access     VBOX     HARDDISK         1.0  PQ: 0 ANSI: 5
[    7.315779] scsi target2:0:1: Beginning Domain Validation
[    7.319073] scsi target2:0:1: Domain Validation skipping write tests
[    7.551692] scsi target2:0:1: Ending Domain Validation
[    7.841758] scsi target2:0:1: asynchronous
[    8.268560] sd 2:0:0:0: [sda] 20971520 512-byte logical blocks: (10.7 GB/10.0 GiB)
[    8.268714] sd 2:0:0:0: Attached scsi generic sg0 type 0
[    8.488840] sd 2:0:1:0: Attached scsi generic sg1 type 0
[    8.606216] sd 2:0:1:0: [sdb] 20480 512-byte logical blocks: (10.5 MB/10.0 MiB)
[    8.612093] sd 2:0:0:0: [sda] Write Protect is off
[    8.821640] sd 2:0:1:0: [sdb] Write Protect is off
[    8.831545] sd 2:0:0:0: [sda] Incomplete mode parameter data
[    8.831546] sd 2:0:0:0: [sda] Assuming drive cache: write through
[    9.268334]  sda: sda1
[    9.268828] sd 2:0:0:0: [sda] Attached SCSI disk
[    9.274271] sd 2:0:1:0: [sdb] Incomplete mode parameter data
[    9.275030] sd 2:0:1:0: [sdb] Assuming drive cache: write through
[    9.278284] sd 2:0:1:0: [sdb] Attached SCSI disk
Begin: Loading e[   10.573904] md: linear personality registered for level -1
ssential drivers[   10.640820] md: multipath personality registered for level -4
 ... [   10.732626] md: raid0 personality registered for level 0
[   10.847569] md: raid1 personality registered for level 1
[   11.081255] raid6: sse2x1   gen() 10791 MB/s
[   11.169576] raid6: sse2x1   xor()  5946 MB/s
[   11.641317] raid6: sse2x2   gen() 12205 MB/s
[   12.016692] raid6: sse2x2   xor()  7698 MB/s
[   12.296714] raid6: sse2x4   gen() 13593 MB/s
[   12.451278] raid6: sse2x4   xor()  8784 MB/s
[   12.771746] raid6: using algorithm sse2x4 gen() 13593 MB/s
[   12.772502] raid6: .... xor() 8784 MB/s, rmw enabled
[   12.773231] raid6: using ssse3x2 recovery algorithm
[   12.775309] xor: automatically using best checksumming function:
[   12.812432]    avx       : 20284.000 MB/sec
[   12.844587] async_tx: api initialized (async)
[   12.852336] md: raid6 personality registered for level 6
[   13.351750] md: raid5 personality registered for level 5
[   13.441651] md: raid4 personality registered for level 4
[   13.609441] md: raid10 personality registered for level 10
done.
Begin: Running /scripts/init-premount ... done.
Begin: Mounting root file system ... Begin: Running /scripts/local-top ... done.
Begin: Running /scripts/local-premount ... [   13.765314] Btrfs loaded
Scanning for Btrfs filesystems
done.
Warning: fsck no[   13.820287] EXT4-fs (sda1): INFO: recovery required on readonly filesystem
t present, so skipping root file system
[   13.992069] EXT4-fs (sda1): write access will be enabled during recovery
[   14.056878] EXT4-fs (sda1): orphan cleanup on readonly fs
[   14.445093] EXT4-fs (sda1): 2 orphan inodes deleted
[   14.581910] EXT4-fs (sda1): recovery complete
[   14.583878] EXT4-fs (sda1): mounted filesystem with ordered data mode. Opts: (null)
done.
Begin: Running /scripts/local-bottom ... done.
Begin: Running /scripts/init-bottom ... done.
[   14.691037] systemd[1]: systemd 229 running in system mode. (+PAM +AUDIT +SELINUX +IMA +APPARMOR +SMACK +SYSVINIT +UTMP +LIBCRYPTSETUP +GCRYPT +GNUTLS +ACL +XZ -LZ4 +SECCOMP +BLKID +ELFUTILS +KMOD -IDN)
[   14.863443] systemd[1]: Detected virtualization oracle.
[   14.864207] systemd[1]: Detected architecture x86-64.

Welcome to [1mUbuntu 16.04.3 LTS[0m!

[   14.885635] systemd[1]: Set hostname to <ubuntu-xenial>.
[   15.006406] random: nonblocking pool is initialized
[   152233197] systemd[1]: Configuration file /lib/systemd/system/sidekiq.example.com.service is marked world-inaccessible. This has no effect as configuration data is accessible via APIs without restrictions. Proceeding anyway.
[   16.014951] systemd[1]: Listening on /dev/initctl Compatibility Named Pipe.
[[0;32m  OK  [0m] Listening on /dev/initctl Compatibility Named Pipe.
[   16.020417] systemd[1]: Listening on Device-mapper event daemon FIFOs.
[[0;32m  OK  [0m] Listening on Device-mapper event daemon FIFOs.
[   16.022118] systemd[1]: Set up automount Arbitrary Executable File Formats File System Automount Point.
[[0;32m  OK  [0m] Set up automount Arbitrary Executab...ats File System Automount Point.
[   16.026583] systemd[1]: Listening on udev Control Socket.
[[0;32m  OK  [0m] Listening on udev Control Socket.
[   16.029169] systemd[1]: Listening on Journal Audit Socket.
[[0;32m  OK  [0m] Listening on Journal Audit Socket.
[   16.030585] systemd[1]: Listening on LVM2 metadata daemon socket.
[[0;32m  OK  [0m] Listening on LVM2 metadata daemon socket.
[   16.032340] systemd[1]: Created slice System Slice.
[[0;32m  OK  [0m] Created slice System Slice.
[   16.033842] systemd[1]: Created slice system-serial\x2dgetty.slice.
[[0;32m  OK  [0m] Created slice system-serial\x2dgetty.slice.
[   16.035614] systemd[1]: Created slice User and Session Slice.
[[0;32m  OK  [0m] Created slice User and Session Slice.
[   16.053548] systemd[1]: Reached target Slices.
[[0;32m  OK  [0m] Reached target Slices.
[   16.054852] systemd[1]: Listening on Journal Socket.
[[0;32m  OK  [0m] Listening on Journal Socket.
[   16.068475] systemd[1]: Mounting Debug File System...
         Mounting Debug File System...
[   16.074430] systemd[1]: Starting Nameserver information manager...
         Starting Nameserver information manager...
[   16.079745] systemd[1]: Starting Load Kernel Modules...
         Starting Load Kernel Modules...
[   16.083221] systemd[1]: Starting Monitoring of LVM2 mirrors, snapshots etc. using dmeventd or progress polling...
         Starting Monitoring of [   16.087793] Loading iSCSI transport class v2.0-870.
LVM2 mirrors... [   16.254081] iscsi: registered transport (tcp)
dmeventd or progress polling...
[   16.405523] iscsi: registered transport (iser)
[   16.493077] systemd[1]: Starting Remount Root and Kernel File Systems...
[   16.497131] EXT4-fs (sda1): re-mounted. Opts: (null)
         Starting Remount Root and Kernel File Systems...
[   16.499754] systemd[1]: Mounting Huge Pages File System...
         Mounting Huge Pages File System...
[   16.504021] systemd[1]: Starting Create list of required static device nodes for the current kernel...
         Starting Create list of required st... nodes for the current kernel...
[   16.509339] systemd[1]: Listening on LVM2 poll daemon socket.
[[0;32m  OK  [0m] Listening on LVM2 poll daemon socket.
[   16.510864] systemd[1]: Listening on Syslog Socket.
[[0;32m  OK  [0m] Listening on Syslog Socket.
[   16.513348] systemd[1]: Reached target User and Group Name Lookups.
[[0;32m  OK  [0m] Reached target User and Group Name Lookups.
[   16.514968] systemd[1]: Started Trigger resolvconf update for networkd DNS.
[[0;32m  OK  [0m] Started Trigger resolvconf update for networkd DNS.
[   16.117121] systemd[1]: Starting Set console keymap...
         Starting Set console keymap...
[   16.744570] systemd[1]: Reached target Swap.
[[0;32m  OK  [0m] Reached target Swap.
[   16.749390] systemd[1]: Reached target Encrypted Volumes.
[[0;32m  OK  [0m] Reached target Encrypted Volumes.
[   16.750860] systemd[1]: Started Forward Password Requests to Wall Directory Watch.
[[0;32m  OK  [0m] Started Forward Password Requests to Wall Directory Watch.
[   16.772580] systemd[1]: Listening on udev Kernel Socket.
[[0;32m  OK  [0m] Listening on udev Kernel Socket.
[   16.944788] systemd[1]: Starting Uncomplicated firewall...
         Starting Uncomplicated firewall...
[   17.272678] systemd[1]: Listening on Journal Socket (/dev/log).
[[0;32m  OK  [0m] Listening on Journal Socket (/dev/log).
[   17.949114] systemd[1]: Starting Journal Service...
         Starting Journal Service...
[   18.103092] systemd[1]: Mounting POSIX Message Queue File System...
         Mounting POSIX Message Queue File System...
[   18.113864] systemd[1]: Mounted POSIX Message Queue File System.
[[0;32m  OK  [0m] Mounted POSIX Message Queue File System.
[   18.115488] systemd[1]: Mounted Debug File System.
[[0;32m  OK  [0m] Mounted Debug File System.
[   18.118410] systemd[1]: Mounted Huge Pages File System.
[[0;32m  OK  [0m] Mounted Huge Pages File System.
[   18.136822] systemd[1]: Started Journal Service.
[[0;32m  OK  [0m] Started Journal Service.
[[0;32m  OK  [0m] Started Load Kernel Modules.
[[0;32m  OK  [0m] Started Remount Root and Kernel File Systems.
[[0;32m  OK  [0m] Started Create list of required sta...ce nodes for the current kernel.
[[0;32m  OK  [0m] Started Set console keymap.
[[0;32m  OK  [0m] Started Uncomplicated firewall.
[[0;32m  OK  [0m] Started Nameserver information manager.
[[0;32m  OK  [0m] Started LVM2 metadata daemon.
         Starting Create Static Device Nodes in /dev...
         Starting udev Coldplug all Devices...
         Starting Load/Save Random Seed...
         Starting Initial cloud-init job (pre-networking)...
         Starting Apply Kernel Variables...
         Mounting FUSE Control File System...
         Starting Flush Journal to Persistent Storage...
[[0;32m  OK  [0m] Mounted FUSE Control File System.
[[0;32m  OK  [0m] Started Create Static Device Nodes in /dev.
[[0;32m  OK  [0m] Started Load/Save Random Seed.
[[0;32m  OK  [0m] Started Apply Kernel Variables.
[[0;32m  OK  [0m] Started udev Coldplug all Devices.
[[0;32m  OK  [0m] Started Monitoring of LVM2 mirrors,...ng dmeventd or progress polling.
[[0;32m  OK  [0m] Started Flush Journal to Persistent Storage.
         Starting udev Kernel Device Manager...
[[0;32m  OK  [0m] Started udev Kernel Device Manager.
[[0;32m  OK  [0m] Started Dispatch Password Requests to Console Directory Watch.
[[0;32m  OK  [0m] Reached target Local File Systems (Pre).
[[0;32m  OK  [0m] Reached target Local File Systems.
         Starting Create Volatile Files and Directories...
         Starting LSB: AppArmor initialization...
         Starting Tell Plymouth To Write Out Runtime Data...
         Starting Set console font and keymap...
[[0;32m  OK  [0m] Started Create Volatile Files and Directories.
[[0;32m  OK  [0m] Started Tell Plymouth To Write Out Runtime Data.
[[0;32m  OK  [0m] Found device /dev/ttyS0.
         Starting Update UTMP about System Boot/Shutdown...
[[0;32m  OK  [0m] Reached target System Time Synchronized.
[   19.335646] cloud-init[457]: Cloud-init v. 0.7.9 running 'init-local' at Tue, 24 Oct 2017 21:32:55 +0000. Up 19.11 seconds.
[[0;32m  OK  [0m] Started LSB: AppArmor initialization.
[[0;32m  OK  [0m] Started Initial cloud-init job (pre-networking).
[[0;32m  OK  [0m] Started Update UTMP about System Boot/Shutdown.
[[0;32m  OK  [0m] Listening on Load/Save RF Kill Switch Status /dev/rfkill Watch.
[[0;32m  OK  [0m] Reached target Network (Pre).
[[0;32m  OK  [0m] Started ifup for enp0s3.
         Starting Raise network interfaces...
[[0;32m  OK  [0m] Started Set console font and keymap.
[[0;32m  OK  [0m] Created slice system-getty.slice.
[[0;32m  OK  [0m] Started Raise network interfaces.
[[0;32m  OK  [0m] Reached target Network.
         Starting Initial cloud-init job (metadata service crawler)...
[   22.505287] cloud-init[974]: Cloud-init v. 0.7.9 running 'init' at Tue, 24 Oct 2017 21:32:58 +0000. Up 22.27 seconds.
[   22.607310] cloud-init[974]: ci-info: +++++++++++++++++++++++++++++++++++++Net device info++++++++++++++++++++++++++++++++++++++
[   22.607954] cloud-init[974]: ci-info: +--------+------+----------------------------+---------------+-------+-------------------+
[[0;32m  OK  [0m] Started Initial cloud-init job (metadata service crawler).
[   22.608476] cloud-init[974]: ci-info: | Device |  Up  |          Address           |      Mask     | Scope |     Hw-Address    |
[   22.625525] cloud-init[974]: ci-info: +--------+------+----------------------------+---------------+-------+-------------------+
[   22.630573] cloud-init[974]: ci-info: |   lo   | True |         127.0.0.1          |   255.0.0.0   |   .   |         .         |
[[0;32m  OK  [0m] Reached target Cloud-config availability.
[[0;32m  OK  [0m] Reached target System Initialization.
[   22.644126] cloud-init[974]: ci-info: |   lo   | True |          ::1/128           |       .       |  host |         .         |
[   22.664604] cloud-init[974]: ci-info: | enp0s3 | True |         10.0.2.15          | 255.255.255.0 |   .   | 02:a4:a0:f1:db:6e |
[[0;32m  OK  [0m] Started Run certbot twice daily.
[   22.728465] cloud-init[974]: ci-info: | enp0s3 | True | fe80::a4:a0ff:fef1:db6e/64 |       .       |  link | 02:a4:a0:f1:db:6e |
[   22.736965] cloud-init[974]: ci-info: +--------+------+----------------------------+---------------+-------+-------------------+
[[0;32m  OK  [0m] Started ACPI Events Check.
[   22.745866] cloud-init[974]: ci-info: +++++++++++++++++++++++++++Route IPv4 info++++++++++++++++++++++++++++
[   22.748642] cloud-init[974]: ci-info: +-------+-------------+----------+---------------+-----------+-------+
[   22.749059] cloud-init[974]: ci-info: | Route | Destination | Gateway  |    Genmask    | Interface | Flags |
[   22.749494] cloud-init[974]: ci-info: +-------+-------------+----------+---------------+-----------+-------+
[   22.749938] cloud-init[974]: ci-info: |   0   |   0.0.0.0   | 10.0.2.2 |    0.0.0.0    |   enp0s3  |   UG  |
[   22.750378] cloud-init[974]: ci-info: |   1   |   10.0.2.0  | 0.0.0.0  | 255.255.255.0 |   enp0s3  |   U   |
[   22.750825] cloud-init[974]: ci-info: +-------+-------------+----------+---------------+-----------+-------+
[[0;32m  OK  [0m] Reached target Paths.
[[0;32m  OK  [0m] Listening on D-Bus System Message Bus Socket.
[[0;32m  OK  [0m] Started Timer to automatically fetch and run repair assertions.
[[0;32m  OK  [0m] Listening on UUID daemon activation socket.
         Starting LXD - unix socket.
         Starting Socket activation for snappy daemon.
[[0;32m  OK  [0m] Listening on ACPID Listen Socket.
[[0;32m  OK  [0m] Started Timer to automatically refresh installed snaps.
[[0;32m  OK  [0m] Started Daily Cleanup of Temporary Directories.
[[0;32m  OK  [0m] Reached target Network is Online.
[[0;32m  OK  [0m] Started Daily apt download activities.
[[0;32m  OK  [0m] Started Daily apt upgrade and clean activities.
[[0;32m  OK  [0m] Reached target Timers.
         Starting iSCSI initiator daemon (iscsid)...
[[0;32m  OK  [0m] Listening on LXD - unix socket.
[[0;32m  OK  [0m] Listening on Socket activation for snappy daemon.
[[0;32m  OK  [0m] Started iSCSI initiator daemon (iscsid).
         Starting Login to default iSCSI targets...
[[0;32m  OK  [0m] Reached target Sockets.
[[0;32m  OK  [0m] Reached target Basic System.
[[0;32m  OK  [0m] Started Unattended Upgrades Shutdown.
         Starting Login Service...
[[0;32m  OK  [0m] Started FUSE filesystem for LXC.
         Starting Apply the settings specified in cloud-config...
         Starting LSB: MD monitoring daemon...
[[0;32m  OK  [0m] Started ACPI event daemon.
         Starting /etc/rc.local Compatibility...
[[0;32m  OK  [0m] Started Redis In-Memory Data Store for example.com.
[[0;32m  OK  [0m] Started Sidekiq instance for example.com.
[[0;32m  OK  [0m] Started Regular background program processing daemon.
         Starting OpenBSD Secure Shell server...
[[0;32m  OK  [0m] Started Deferred execution scheduler.
         Starting Accounts Service...
         Starting Snappy daemon...
[[0;32m  OK  [0m] Started D-Bus System Message Bus.
         Starting A high performance web server and a reverse proxy server...
         Starting LSB: Record successful boot for GRUB...
         Starting LSB: AWS CodeDeploy Host Agent...
         Starting System Logging Service...
         Starting LXD - container startup/shutdown...
[[0;32m  OK  [0m] Started OpenBSD Secure Shell server.
[[0;32m  OK  [0m] Started /etc/rc.local Compatibility.
[[0;32m  OK  [0m] Started System Logging Service.
[[0;32m  OK  [0m] Started Login to default iSCSI targets.
[[0;32m  OK  [0m] Started LSB: MD monitoring daemon.
[[0;32m  OK  [0m] Started Snappy daemon.
[[0;32m  OK  [0m] Started Login Service.
         Starting Authenticate and Authorize Users to Run Privileged Tasks...
         Starting Auto import assertions from block devices...
[[0;32m  OK  [0m] Reached target Remote File Systems (Pre).
[[0;32m  OK  [0m] Reached target Remote File Systems.
         Starting LSB: powerful, efficient, ...scalable Mail Transport Agent...
         Starting LSB: daemon to balance interrupts for SMP systems...
         Starting LSB: VirtualBox Linux Additions...
         Starting LSB: Set the CPU Frequency Scaling governor to "ondemand"...
         Starting LSB: automatic crash report generation...
         Starting Permit User Sessions...
[[0;32m  OK  [0m] Started LSB: Record successful boot for GRUB.
[[0;32m  OK  [0m] Started LXD - container startup/shutdown.
[[0;32m  OK  [0m] Started Auto import assertions from block devices.
[[0;32m  OK  [0m] Started Permit User Sessions.
[[0;32m  OK  [0m] Started A high performance web server and a reverse proxy server.
[[0;32m  OK  [0m] Started Authenticate and Authorize Users to Run Privileged Tasks.
[[0;32m  OK  [0m] Started Accounts Service.
[[0;32m  OK  [0m] Started LSB: Set the CPU Frequency Scaling governor to "ondemand".
[[0;32m  OK  [0m] Started LSB: daemon to balance interrupts for SMP systems.
[[0;32m  OK  [0m] Started LSB: VirtualBox Linux Additions.
[[0;32m  OK  [0m] Stopped Sidekiq instance for example.com.
[[0;32m  OK  [0m] Started Sidekiq instance for example.com.
         Starting Terminate Plymouth Boot Screen...
         Starting Hold until boot process finishes up...
[[0;32m  OK  [0m] Started LSB: automatic crash report generation.
[[0;32m  OK  [0m] Started Terminate Plymouth Boot Screen.
[[0;32m  OK  [0m] Started Hold until boot process finishes up.
         Starting Set console scheme...
[   23.573633] cloud-init[1037]: Cloud-init v. 0.7.9 running 'modules:config' at Tue, 24 Oct 2017 21:32:59 +0000. Up 23.36 seconds.
[[0;32m  OK  [0m] Started Getty on tty1.
[[0;32m  OK  [0m] Started Serial Getty on ttyS0.
[[0;32m  OK  [0m] Reached target Login Prompts.
[[0;32m  OK  [0m] Started Apply the settings specified in cloud-config.
[[0;32m  OK  [0m] Started LSB: AWS CodeDeploy Host Agent.
[[0;32m  OK  [0m] Started Set console scheme.
[[0;32m  OK  [0m] Stopped Sidekiq instance for example.com.
[[0;32m  OK  [0m] Started Sidekiq instance for example.com.
[[0;32m  OK  [0m] Stopped Sidekiq instance for example.com.
[[0;32m  OK  [0m] Started Sidekiq instance for example.com.
[[0;32m  OK  [0m] Stopped Sidekiq instance for example.com.
[[0;32m  OK  [0m] Started Sidekiq instance for example.com.
[[0;32m  OK  [0m] Stopped Sidekiq instance for example.com.
[[0;1;31mFAILED[0m] Failed to start Sidekiq instance for example.com.
See 'systemctl status sidekiq.example.com.service' for details.
[[0;32m  OK  [0m] Created slice User Slice of ubuntu.
         Starting User Manager for UID 1000...
[[0;32m  OK  [0m] Started User Manager for UID 1000.
[[0;32m  OK  [0m] Started Session 2 of user ubuntu.

Ubuntu 16.04.3 LTS ubuntu-xenial ttyS0

ubuntu-xenial login: [   86.063428] cloud-init[1613]: Cloud-init v. 0.7.9 running 'modules:final' at Tue, 24 Oct 2017 21:34:01 +0000. Up 85.97 seconds.
[   86.063906] cloud-init[1613]: Cloud-init v. 0.7.9 finished at Tue, 24 Oct 2017 21:34:02 +0000. Datasource DataSourceNoCloud [seed=/dev/sdb][dsmode=net].  Up 86.05 seconds
